<?xml version="1.0" encoding="UTF-8"?>
<testng-results ignored="0" total="2" passed="2" failed="0" skipped="0">
  <reporter-output>
  </reporter-output>
  <suite started-at="2024-08-30T13:48:16 IST" name="Default suite" finished-at="2024-08-30T13:48:37 IST" duration-ms="21124">
    <groups>
    </groups>
    <test started-at="2024-08-30T13:48:16 IST" name="Default test" finished-at="2024-08-30T13:48:37 IST" duration-ms="21124">
      <class name="com.tdd.Data_Driven_Test.Data_ProviderTest">
        <test-method is-config="true" signature="setUp()[pri:0, instance:com.tdd.Data_Driven_Test.Data_ProviderTest@e4487af]" started-at="2024-08-30T13:48:17 IST" name="setUp" finished-at="2024-08-30T13:48:23 IST" duration-ms="6077" status="PASS">
          <reporter-output>
          </reporter-output>
        </test-method> <!-- setUp -->
        <test-method signature="twelve_Tone(java.lang.String,java.lang.String)[pri:0, instance:com.tdd.Data_Driven_Test.Data_ProviderTest@e4487af]" started-at="2024-08-30T13:48:23 IST" name="twelve_Tone" data-provider="getTestData" finished-at="2024-08-30T13:48:26 IST" duration-ms="3502" status="PASS">
          <params>
            <param index="0">
              <value>
                <![CDATA[tesgmail.com]]>
              </value>
            </param>
            <param index="1">
              <value>
                <![CDATA[w+XbbEPXAJE=]]>
              </value>
            </param>
          </params>
          <reporter-output>
          </reporter-output>
        </test-method> <!-- twelve_Tone -->
        <test-method is-config="true" signature="tearDown()[pri:0, instance:com.tdd.Data_Driven_Test.Data_ProviderTest@e4487af]" started-at="2024-08-30T13:48:26 IST" name="tearDown" finished-at="2024-08-30T13:48:26 IST" duration-ms="248" status="PASS">
          <reporter-output>
          </reporter-output>
        </test-method> <!-- tearDown -->
        <test-method is-config="true" signature="setUp()[pri:0, instance:com.tdd.Data_Driven_Test.Data_ProviderTest@e4487af]" started-at="2024-08-30T13:48:26 IST" name="setUp" finished-at="2024-08-30T13:48:33 IST" duration-ms="6551" status="PASS">
          <reporter-output>
          </reporter-output>
        </test-method> <!-- setUp -->
        <test-method signature="twelve_Tone(java.lang.String,java.lang.String)[pri:0, instance:com.tdd.Data_Driven_Test.Data_ProviderTest@e4487af]" started-at="2024-08-30T13:48:33 IST" name="twelve_Tone" data-provider="getTestData" finished-at="2024-08-30T13:48:37 IST" duration-ms="3542" status="PASS">
          <params>
            <param index="0">
              <value>
                <![CDATA[test@gmail.com]]>
              </value>
            </param>
            <param index="1">
              <value>
                <![CDATA[123456.0]]>
              </value>
            </param>
          </params>
          <reporter-output>
          </reporter-output>
        </test-method> <!-- twelve_Tone -->
        <test-method is-config="true" signature="tearDown()[pri:0, instance:com.tdd.Data_Driven_Test.Data_ProviderTest@e4487af]" started-at="2024-08-30T13:48:37 IST" name="tearDown" finished-at="2024-08-30T13:48:37 IST" duration-ms="225" status="PASS">
          <reporter-output>
          </reporter-output>
        </test-method> <!-- tearDown -->
      </class> <!-- com.tdd.Data_Driven_Test.Data_ProviderTest -->
    </test> <!-- Default test -->
  </suite> <!-- Default suite -->
</testng-results>
