<?xml version="1.0" encoding="UTF-8"?>
<!-- Generated by org.testng.reporters.JUnitXMLReporter -->
<testsuite ignored="0" hostname="DESKTOP-Q2UABMJ" failures="0" tests="3" name="Different TestNG feature test" time="48.461" errors="0" timestamp="2024-08-28T17:40:58 IST">
  <testcase classname="com.test.TestNgProject" name="TwelweTone_Login" time="21.08"/>
  <testcase classname="com.test.TestNgProject" name="TwelweLogin" time="4.505"/>
  <testcase classname="com.test.FeaturesOf_TestNG" name="twelweToneTitle" time="0.019"/>
</testsuite> <!-- Different TestNG feature test -->
